[2017-08-31 10:35:00.928] [INFO] default - { Name: 'D65',
  IP: '192.168.3.65',
  varsport: 11100,
  ControlPort: 11101,
  CsWs: 11102,
  UdpBoard: 11103,
  secret: '19911120' }
[2017-08-31 10:35:18.881] [INFO] default - { Name: 'D65',
  IP: '192.168.3.65',
  varsport: 11100,
  ControlPort: 11101,
  CsWs: 11102,
  UdpBoard: 11103,
  secret: '19911120' }
[2017-08-31 10:35:28.888] [INFO] default - { Name: 'D65',
  IP: '192.168.3.65',
  varsport: 11100,
  ControlPort: 11101,
  CsWs: 11102,
  UdpBoard: 11103,
  secret: '19911120' }
[2017-08-31 10:47:35.540] [INFO] default - { Name: 'D65',
  IP: '192.168.3.65',
  varsport: 11100,
  ControlPort: 11101,
  CsWs: 11102,
  UdpBoard: 11103,
  secret: '19911120' }
[2017-08-31 10:53:07.857] [INFO] default - { Name: 'D65',
  IP: '192.168.3.65',
  varsport: 11100,
  ControlPort: 11101,
  CsWs: 11102,
  UdpBoard: 11103,
  secret: '19911120' }
[2017-08-31 14:06:10.192] [INFO] default - { Name: 'D101',
  IP: '10.0.0.101',
  varsport: 11100,
  ControlPort: 11101,
  CsWs: 11102,
  UdpBoard: 11103,
  secret: '19911120' }
[2017-09-01 09:30:42.661] [INFO] default - { Name: 'D65',
  IP: '192.168.3.65',
  varsport: 11100,
  ControlPort: 11101,
  CsWs: 11102,
  UdpBoard: 11103,
  secret: '19911120' }
[2017-09-01 17:31:32.792] [INFO] default - { Name: 'D65',
  IP: '192.168.3.65',
  varsport: 11100,
  ControlPort: 11101,
  CsWs: 11102,
  UdpBoard: 11103,
  secret: '19911120' }
[2017-09-01 17:33:13.816] [INFO] default - { Name: 'D65',
  IP: '192.168.3.65',
  varsport: 11100,
  ControlPort: 11101,
  CsWs: 11102,
  UdpBoard: 11103,
  secret: '19911120' }
[2017-09-04 09:37:21.404] [INFO] default - { Name: 'D65',
  IP: '192.168.3.65',
  varsport: 11100,
  ControlPort: 11101,
  CsWs: 11102,
  UdpBoard: 11103,
  secret: '19911120' }
[2017-09-12 10:29:22.842] [INFO] default - { Name: 'D65',
  IP: '192.168.3.65',
  varsport: 11100,
  ControlPort: 11101,
  CsWs: 11102,
  UdpBoard: 11103,
  secret: '19911120' }
[2017-09-12 16:33:41.042] [INFO] default - { Name: 'D65',
  IP: '192.168.3.65',
  varsport: 11100,
  ControlPort: 11101,
  CsWs: 11102,
  UdpBoard: 11103,
  secret: '19911120' }
[2017-09-12 16:45:26.133] [INFO] default - { Name: 'D65',
  IP: '192.168.3.65',
  varsport: 11100,
  ControlPort: 11101,
  CsWs: 11102,
  UdpBoard: 11103,
  secret: '19911120' }
[2017-09-12 16:46:51.412] [INFO] default - { Name: 'D65',
  IP: '192.168.3.65',
  varsport: 11100,
  ControlPort: 11101,
  CsWs: 11102,
  UdpBoard: 11103,
  secret: '19911120' }
[2017-09-15 14:51:37.901] [INFO] default - { Name: 'D65',
  IP: '192.168.3.65',
  varsport: 11100,
  ControlPort: 11101,
  CsWs: 11102,
  UdpBoard: 11103,
  secret: '19911120' }
